<?xml version="1.0" encoding="UTF-8"?>
<testng-results ignored="0" total="2" passed="2" failed="0" skipped="0">
  <reporter-output>
  </reporter-output>
  <suite started-at="2022-01-05T15:35:09 EST" name="OpenCart Suite" finished-at="2022-01-05T15:35:19 EST" duration-ms="9704">
    <groups>
      <group name="Master">
        <method signature="TC_001_AccountRegistration.Test_Account_Registration()[pri:0, instance:testCases.TC_001_AccountRegistration@3c130745]" name="Test_Account_Registration" class="testCases.TC_001_AccountRegistration"/>
        <method signature="TC_002_Login.Test_Login()[pri:0, instance:testCases.TC_002_Login@2e4b8173]" name="Test_Login" class="testCases.TC_002_Login"/>
      </group> <!-- Master -->
      <group name="Sanity">
        <method signature="TC_002_Login.Test_Login()[pri:0, instance:testCases.TC_002_Login@2e4b8173]" name="Test_Login" class="testCases.TC_002_Login"/>
      </group> <!-- Sanity -->
      <group name="Regression">
        <method signature="TC_001_AccountRegistration.Test_Account_Registration()[pri:0, instance:testCases.TC_001_AccountRegistration@3c130745]" name="Test_Account_Registration" class="testCases.TC_001_AccountRegistration"/>
      </group> <!-- Regression -->
    </groups>
    <test started-at="2022-01-05T15:35:09 EST" name=" OpenCart Tests" finished-at="2022-01-05T15:35:19 EST" duration-ms="9704">
      <class name="testCases.TC_001_AccountRegistration">
        <test-method is-config="true" signature="setup(java.lang.String)[pri:0, instance:testCases.TC_001_AccountRegistration@3c130745]" started-at="2022-01-05T15:35:10 EST" name="setup" finished-at="2022-01-05T15:35:12 EST" duration-ms="2481" status="PASS">
          <params>
            <param index="0">
              <value>
                <![CDATA[chrome]]>
              </value>
            </param>
          </params>
          <reporter-output>
          </reporter-output>
        </test-method> <!-- setup -->
        <test-method signature="Test_Account_Registration()[pri:0, instance:testCases.TC_001_AccountRegistration@3c130745]" started-at="2022-01-05T15:35:12 EST" name="Test_Account_Registration" finished-at="2022-01-05T15:35:15 EST" duration-ms="3180" status="PASS">
          <reporter-output>
          </reporter-output>
        </test-method> <!-- Test_Account_Registration -->
        <test-method is-config="true" signature="tearDown()[pri:0, instance:testCases.TC_001_AccountRegistration@3c130745]" started-at="2022-01-05T15:35:15 EST" name="tearDown" finished-at="2022-01-05T15:35:16 EST" duration-ms="221" status="PASS">
          <reporter-output>
          </reporter-output>
        </test-method> <!-- tearDown -->
      </class> <!-- testCases.TC_001_AccountRegistration -->
      <class name="testCases.TC_002_Login">
        <test-method is-config="true" signature="setup(java.lang.String)[pri:0, instance:testCases.TC_002_Login@2e4b8173]" started-at="2022-01-05T15:35:16 EST" name="setup" finished-at="2022-01-05T15:35:16 EST" duration-ms="810" status="PASS">
          <params>
            <param index="0">
              <value>
                <![CDATA[chrome]]>
              </value>
            </param>
          </params>
          <reporter-output>
          </reporter-output>
        </test-method> <!-- setup -->
        <test-method signature="Test_Login()[pri:0, instance:testCases.TC_002_Login@2e4b8173]" started-at="2022-01-05T15:35:16 EST" name="Test_Login" finished-at="2022-01-05T15:35:19 EST" duration-ms="2600" status="PASS">
          <reporter-output>
          </reporter-output>
        </test-method> <!-- Test_Login -->
        <test-method is-config="true" signature="tearDown()[pri:0, instance:testCases.TC_002_Login@2e4b8173]" started-at="2022-01-05T15:35:19 EST" name="tearDown" finished-at="2022-01-05T15:35:19 EST" duration-ms="178" status="PASS">
          <reporter-output>
          </reporter-output>
        </test-method> <!-- tearDown -->
      </class> <!-- testCases.TC_002_Login -->
    </test> <!--  OpenCart Tests -->
  </suite> <!-- OpenCart Suite -->
</testng-results>
