<?xml version="1.0" encoding="UTF-8"?>
<testng-results ignored="0" total="1" passed="1" failed="0" skipped="0">
  <reporter-output>
  </reporter-output>
  <suite started-at="2022-01-04T21:15:41 EST" name="OpenCart Suite" finished-at="2022-01-04T21:15:50 EST" duration-ms="9306">
    <groups>
      <group name="Master">
        <method signature="TC_001_AccountRegistration.Test_Account_Registration()[pri:0, instance:testCases.TC_001_AccountRegistration@3e58a80e]" name="Test_Account_Registration" class="testCases.TC_001_AccountRegistration"/>
      </group> <!-- Master -->
      <group name="Regression">
        <method signature="TC_001_AccountRegistration.Test_Account_Registration()[pri:0, instance:testCases.TC_001_AccountRegistration@3e58a80e]" name="Test_Account_Registration" class="testCases.TC_001_AccountRegistration"/>
      </group> <!-- Regression -->
    </groups>
    <test started-at="2022-01-04T21:15:41 EST" name=" OpenCart Tests" finished-at="2022-01-04T21:15:50 EST" duration-ms="9306">
      <class name="testCases.TC_001_AccountRegistration">
        <test-method is-config="true" signature="setup(java.lang.String)[pri:0, instance:testCases.TC_001_AccountRegistration@3e58a80e]" started-at="2022-01-04T21:15:41 EST" name="setup" finished-at="2022-01-04T21:15:45 EST" duration-ms="3612" status="PASS">
          <params>
            <param index="0">
              <value>
                <![CDATA[chrome]]>
              </value>
            </param>
          </params>
          <reporter-output>
          </reporter-output>
        </test-method> <!-- setup -->
        <test-method signature="Test_Account_Registration()[pri:0, instance:testCases.TC_001_AccountRegistration@3e58a80e]" started-at="2022-01-04T21:15:45 EST" name="Test_Account_Registration" finished-at="2022-01-04T21:15:49 EST" duration-ms="4520" status="PASS">
          <reporter-output>
          </reporter-output>
        </test-method> <!-- Test_Account_Registration -->
        <test-method is-config="true" signature="tearDown()[pri:0, instance:testCases.TC_001_AccountRegistration@3e58a80e]" started-at="2022-01-04T21:15:49 EST" name="tearDown" finished-at="2022-01-04T21:15:50 EST" duration-ms="784" status="PASS">
          <reporter-output>
          </reporter-output>
        </test-method> <!-- tearDown -->
      </class> <!-- testCases.TC_001_AccountRegistration -->
    </test> <!--  OpenCart Tests -->
  </suite> <!-- OpenCart Suite -->
</testng-results>
